<?xml version="1.0" encoding="UTF-8"?>
<!-- Generated by org.testng.reporters.JUnitXMLReporter -->
<testsuite ignored="0" hostname="DESKTOP-SDJM71R" failures="0" tests="3" name="firefoxTest" time="31.13" errors="0" timestamp="2025-02-12T19:34:17 GMT+06:00">
  <testcase classname="day20.ParamTests" name="testLogo" time="0.049"/>
  <testcase classname="day20.ParamTests" name="testTitle" time="0.009"/>
  <testcase classname="day20.ParamTests" name="testURL" time="0.009"/>
</testsuite> <!-- firefoxTest -->
