<?xml version="1.0" encoding="UTF-8"?>
<testng-results ignored="0" total="1" passed="1" failed="0" skipped="0">
  <reporter-output>
  </reporter-output>
  <suite started-at="2025-02-13T11:32:14 GMT+06:00" name="Default suite" finished-at="2025-02-13T11:32:27 GMT+06:00" duration-ms="12482">
    <groups>
    </groups>
    <test started-at="2025-02-13T11:32:14 GMT+06:00" name="Default test" finished-at="2025-02-13T11:32:27 GMT+06:00" duration-ms="12482">
      <class name="day22.LoginTest">
        <test-method is-config="true" signature="setup()[pri:0, instance:day22.LoginTest@1aafa419]" started-at="2025-02-13T11:32:14 GMT+06:00" name="setup" finished-at="2025-02-13T11:32:22 GMT+06:00" duration-ms="7875" status="PASS">
          <reporter-output>
          </reporter-output>
        </test-method> <!-- setup -->
        <test-method signature="logintest()[pri:0, instance:day22.LoginTest@1aafa419]" started-at="2025-02-13T11:32:22 GMT+06:00" name="logintest" finished-at="2025-02-13T11:32:26 GMT+06:00" duration-ms="4051" status="PASS">
          <reporter-output>
          </reporter-output>
        </test-method> <!-- logintest -->
        <test-method is-config="true" signature="teardown()[pri:0, instance:day22.LoginTest@1aafa419]" started-at="2025-02-13T11:32:26 GMT+06:00" name="teardown" finished-at="2025-02-13T11:32:27 GMT+06:00" duration-ms="479" status="PASS">
          <reporter-output>
          </reporter-output>
        </test-method> <!-- teardown -->
      </class> <!-- day22.LoginTest -->
    </test> <!-- Default test -->
  </suite> <!-- Default suite -->
</testng-results>
